<?xml version="1.0" encoding="UTF-8"?>
<testsuite xmlns:xsi="http://www.w3.org/2001/XMLSchema-instance" xsi:schemaLocation="https://maven.apache.org/surefire/maven-surefire-plugin/xsd/surefire-test-report.xsd" name="com.bp.test.TransactionImplTest" time="1.585" tests="2" errors="0" skipped="0" failures="0">
  <properties>
[...]
</properties>
  <testcase name="getTransactionTest2" classname="com.bp.test.TransactionImplTest" time="0.13"/>
  <testcase name="getTransactionTes1t" classname="com.bp.test.TransactionImplTest" time="1.423"/>
</testsuite>